<?xml version="1.0" encoding="UTF-8"?>
<!-- Generated by org.testng.reporters.JUnitReportReporter -->
<testsuite hostname="DESKTOP-V5F0CQC" failures="0" tests="2" name="cucumberOptions.TestNgTestRunner" time="0.256" errors="0" timestamp="2024-12-20T12:38:24 IST" skipped="0">
  <testcase classname="cucumberOptions.TestNgTestRunner" name="runScenario" time="0.220"/>
  <testcase classname="cucumberOptions.TestNgTestRunner" name="runScenario" time="0.036"/>
</testsuite> <!-- cucumberOptions.TestNgTestRunner -->
