<?xml version="1.0" encoding="UTF-8"?>
<!-- Generated by org.testng.reporters.JUnitReportReporter -->
<testsuite hostname="DESKTOP-HP83RLL" failures="0" tests="2" name="cucumberOptions.TestNgTestRunner" time="21.658" errors="0" timestamp="2025-04-20T21:51:43 IST" skipped="0">
  <testcase classname="cucumberOptions.TestNgTestRunner" name="runScenario" time="20.707"/>
  <testcase classname="cucumberOptions.TestNgTestRunner" name="runScenario" time="0.951"/>
</testsuite> <!-- cucumberOptions.TestNgTestRunner -->
