<?xml version="1.0" encoding="UTF-8"?>
<!-- Generated by org.testng.reporters.JUnitReportReporter -->
<testsuite hostname="DESKTOP-HP83RLL" failures="0" tests="1" name="cucumberOptions.TestNgTestRunner" time="16.626" errors="0" timestamp="2025-04-20T19:29:01 IST" skipped="0">
  <testcase classname="cucumberOptions.TestNgTestRunner" name="runScenario" time="16.626"/>
</testsuite> <!-- cucumberOptions.TestNgTestRunner -->
