<?xml version="1.0" encoding="UTF-8"?>
<!-- Generated by org.testng.reporters.JUnitReportReporter -->
<testsuite hostname="DESKTOP-HP83RLL" failures="0" tests="3" name="cucumberOptions.TestNgTestRunner" time="13.004" errors="0" timestamp="2025-04-14T11:25:28 IST" skipped="0">
  <testcase classname="cucumberOptions.TestNgTestRunner" name="runScenario" time="5.175"/>
  <testcase classname="cucumberOptions.TestNgTestRunner" name="runScenario" time="4.058"/>
  <testcase classname="cucumberOptions.TestNgTestRunner" name="runScenario" time="3.771"/>
</testsuite> <!-- cucumberOptions.TestNgTestRunner -->
