<?xml version="1.0" encoding="UTF-8"?>
<!-- Generated by org.testng.reporters.JUnitReportReporter -->
<testsuite hostname="DESKTOP-HP83RLL" failures="0" tests="1" name="cucumberOptions.TestNgTestRunner" time="11.287" errors="0" timestamp="2025-04-14T17:49:34 IST" skipped="0">
  <testcase classname="cucumberOptions.TestNgTestRunner" name="runScenario" time="11.287"/>
</testsuite> <!-- cucumberOptions.TestNgTestRunner -->
